0 info it worked if it ends with ok
1 verbose cli [ '/usr/bin/node',
1 verbose cli   '/usr/bin/npm',
1 verbose cli   'i',
1 verbose cli   '@babel/core,',
1 verbose cli   '@babel/cli,',
1 verbose cli   '@babel/node,',
1 verbose cli   '@babel/preset-env' ]
2 info using npm@3.5.2
3 info using node@v8.10.0
4 silly loadCurrentTree Starting
5 silly install loadCurrentTree
6 silly install readLocalPackageData
7 silly fetchPackageMetaData @babel/core,
8 silly fetchPackageMetaData @babel/cli,
9 silly fetchPackageMetaData @babel/node,
10 silly fetchPackageMetaData @babel/preset-env
11 silly fetchOtherPackageData @babel/core,
12 silly cache add args [ '@babel/core,', null ]
13 verbose cache add spec @babel/core,
14 silly fetchOtherPackageData @babel/cli,
15 silly cache add args [ '@babel/cli,', null ]
16 verbose cache add spec @babel/cli,
17 silly fetchOtherPackageData @babel/node,
18 silly cache add args [ '@babel/node,', null ]
19 verbose cache add spec @babel/node,
20 silly fetchNamedPackageData @babel/preset-env
21 silly mapToRegistry name @babel/preset-env
22 silly mapToRegistry scope (from package name) @babel
23 verbose mapToRegistry no registry URL found in name for scope @babel
24 silly mapToRegistry using default registry
25 silly mapToRegistry registry https://registry.npmjs.org/
26 silly mapToRegistry uri https://registry.npmjs.org/@babel%2fpreset-env
27 silly cache add parsed spec Result {
27 silly cache add   raw: '@babel/core,',
27 silly cache add   scope: null,
27 silly cache add   name: null,
27 silly cache add   rawSpec: '@babel/core,',
27 silly cache add   spec: '/home/stakeout/hexlet-1/@babel/core,',
27 silly cache add   type: 'local' }
28 silly cache add parsed spec Result {
28 silly cache add   raw: '@babel/cli,',
28 silly cache add   scope: null,
28 silly cache add   name: null,
28 silly cache add   rawSpec: '@babel/cli,',
28 silly cache add   spec: '/home/stakeout/hexlet-1/@babel/cli,',
28 silly cache add   type: 'local' }
29 silly cache add parsed spec Result {
29 silly cache add   raw: '@babel/node,',
29 silly cache add   scope: null,
29 silly cache add   name: null,
29 silly cache add   rawSpec: '@babel/node,',
29 silly cache add   spec: '/home/stakeout/hexlet-1/@babel/node,',
29 silly cache add   type: 'local' }
30 verbose request uri https://registry.npmjs.org/@babel%2fpreset-env
31 verbose request no auth needed
32 info attempt registry request try #1 at 4:43:37 PM
33 verbose request id 29fb0583c6b237da
34 http request GET https://registry.npmjs.org/@babel%2fpreset-env
35 error addLocal Could not install /home/stakeout/hexlet-1/@babel/core,
36 silly fetchPackageMetaData Error: ENOENT: no such file or directory, open '/home/stakeout/hexlet-1/@babel/core,'
36 silly fetchPackageMetaData  error for @babel/core, { Error: ENOENT: no such file or directory, open '/home/stakeout/hexlet-1/@babel/core,'
36 silly fetchPackageMetaData   errno: -2,
36 silly fetchPackageMetaData   code: 'ENOENT',
36 silly fetchPackageMetaData   syscall: 'open',
36 silly fetchPackageMetaData   path: '/home/stakeout/hexlet-1/@babel/core,' }
37 error addLocal Could not install /home/stakeout/hexlet-1/@babel/cli,
38 silly fetchPackageMetaData Error: ENOENT: no such file or directory, open '/home/stakeout/hexlet-1/@babel/cli,'
38 silly fetchPackageMetaData  error for @babel/cli, { Error: ENOENT: no such file or directory, open '/home/stakeout/hexlet-1/@babel/cli,'
38 silly fetchPackageMetaData   errno: -2,
38 silly fetchPackageMetaData   code: 'ENOENT',
38 silly fetchPackageMetaData   syscall: 'open',
38 silly fetchPackageMetaData   path: '/home/stakeout/hexlet-1/@babel/cli,' }
39 error addLocal Could not install /home/stakeout/hexlet-1/@babel/node,
40 silly fetchPackageMetaData Error: ENOENT: no such file or directory, open '/home/stakeout/hexlet-1/@babel/node,'
40 silly fetchPackageMetaData  error for @babel/node, { Error: ENOENT: no such file or directory, open '/home/stakeout/hexlet-1/@babel/node,'
40 silly fetchPackageMetaData   errno: -2,
40 silly fetchPackageMetaData   code: 'ENOENT',
40 silly fetchPackageMetaData   syscall: 'open',
40 silly fetchPackageMetaData   path: '/home/stakeout/hexlet-1/@babel/node,' }
41 http 200 https://registry.npmjs.org/@babel%2fpreset-env
42 verbose headers { date: 'Sat, 09 Nov 2019 13:43:37 GMT',
42 verbose headers   'content-type': 'application/json',
42 verbose headers   'transfer-encoding': 'chunked',
42 verbose headers   connection: 'keep-alive',
42 verbose headers   'set-cookie':
42 verbose headers    [ '__cfduid=db9dfde8e65f0421e82f40557f7d5f20f1573307017; expires=Sun, 08-Nov-20 13:43:37 GMT; path=/; domain=.npmjs.org; HttpOnly' ],
42 verbose headers   'cf-cache-status': 'HIT',
42 verbose headers   'cache-control': 'public, max-age=300',
42 verbose headers   'cf-ray': '53303779693bc3d4-LED',
42 verbose headers   age: '5288',
42 verbose headers   etag: 'W/"3339d876dfc113cfe3140149ff4db083"',
42 verbose headers   'expect-ct': 'max-age=604800, report-uri="https://report-uri.cloudflare.com/cdn-cgi/beacon/expect-ct"',
42 verbose headers   'last-modified': 'Fri, 08 Nov 2019 16:27:58 GMT',
42 verbose headers   vary: 'Accept-Encoding',
42 verbose headers   'x-amz-meta-rev': '92-508079c7ae8d4ae0dfae988f48809e76',
42 verbose headers   server: 'cloudflare',
42 verbose headers   'content-encoding': 'gzip' }
43 silly get cb [ 200,
43 silly get   { date: 'Sat, 09 Nov 2019 13:43:37 GMT',
43 silly get     'content-type': 'application/json',
43 silly get     'transfer-encoding': 'chunked',
43 silly get     connection: 'keep-alive',
43 silly get     'set-cookie':
43 silly get      [ '__cfduid=db9dfde8e65f0421e82f40557f7d5f20f1573307017; expires=Sun, 08-Nov-20 13:43:37 GMT; path=/; domain=.npmjs.org; HttpOnly' ],
43 silly get     'cf-cache-status': 'HIT',
43 silly get     'cache-control': 'public, max-age=300',
43 silly get     'cf-ray': '53303779693bc3d4-LED',
43 silly get     age: '5288',
43 silly get     etag: 'W/"3339d876dfc113cfe3140149ff4db083"',
43 silly get     'expect-ct': 'max-age=604800, report-uri="https://report-uri.cloudflare.com/cdn-cgi/beacon/expect-ct"',
43 silly get     'last-modified': 'Fri, 08 Nov 2019 16:27:58 GMT',
43 silly get     vary: 'Accept-Encoding',
43 silly get     'x-amz-meta-rev': '92-508079c7ae8d4ae0dfae988f48809e76',
43 silly get     server: 'cloudflare',
43 silly get     'content-encoding': 'gzip' } ]
44 verbose get saving @babel/preset-env to /home/stakeout/.npm/registry.npmjs.org/_40babel_252fpreset-env/.cache.json
45 silly rollbackFailedOptional Starting
46 silly rollbackFailedOptional Finishing
47 silly runTopLevelLifecycles Starting
48 silly runTopLevelLifecycles Finishing
49 silly install printInstalled
50 verbose stack Error: ENOENT: no such file or directory, open '/home/stakeout/hexlet-1/@babel/core,'
51 verbose cwd /home/stakeout/hexlet-1
52 error Linux 4.15.0-65-generic
53 error argv "/usr/bin/node" "/usr/bin/npm" "i" "@babel/core," "@babel/cli," "@babel/node," "@babel/preset-env"
54 error node v8.10.0
55 error npm  v3.5.2
56 error path /home/stakeout/hexlet-1/@babel/core,
57 error code ENOENT
58 error errno -2
59 error syscall open
60 error enoent ENOENT: no such file or directory, open '/home/stakeout/hexlet-1/@babel/core,'
61 error enoent ENOENT: no such file or directory, open '/home/stakeout/hexlet-1/@babel/core,'
61 error enoent This is most likely not a problem with npm itself
61 error enoent and is related to npm not being able to find a file.
62 verbose exit [ -2, true ]
